  [1m[35m (0.2ms)[0m  [1m[35mDROP TABLE IF EXISTS "api_keys"[0m
  [1m[35m (0.7ms)[0m  [1m[35mCREATE TABLE "api_keys" ("id" integer PRIMARY KEY AUTOINCREMENT NOT NULL, "bearer_id" integer NOT NULL, "bearer_type" varchar NOT NULL, "token" varchar NOT NULL, "created_at" datetime(6) NOT NULL, "updated_at" datetime(6) NOT NULL)[0m
  [1m[35m (0.1ms)[0m  [1m[35mCREATE INDEX "index_api_keys_on_bearer_id_and_bearer_type" ON "api_keys" ("bearer_id", "bearer_type")[0m
  [1m[35m (0.0ms)[0m  [1m[35mCREATE UNIQUE INDEX "index_api_keys_on_token" ON "api_keys" ("token")[0m
  [1m[35m (0.0ms)[0m  [1m[35mDROP TABLE IF EXISTS "devices"[0m
  [1m[35m (0.1ms)[0m  [1m[35mCREATE TABLE "devices" ("id" integer PRIMARY KEY AUTOINCREMENT NOT NULL, "serial_number" varchar, "created_at" datetime(6) NOT NULL, "updated_at" datetime(6) NOT NULL)[0m
  [1m[35m (0.0ms)[0m  [1m[35mDROP TABLE IF EXISTS "users"[0m
  [1m[35m (0.1ms)[0m  [1m[35mCREATE TABLE "users" ("id" integer PRIMARY KEY AUTOINCREMENT NOT NULL, "email" varchar, "password_digest" varchar NOT NULL, "created_at" datetime(6) NOT NULL, "updated_at" datetime(6) NOT NULL)[0m
  [1m[35m (0.1ms)[0m  [1m[35mCREATE UNIQUE INDEX "index_users_on_email" ON "users" ("email")[0m
  [1m[35m (0.1ms)[0m  [1m[35mCREATE TABLE "schema_migrations" ("version" varchar NOT NULL PRIMARY KEY)[0m
  [1m[36mActiveRecord::SchemaMigration Load (0.0ms)[0m  [1m[34mSELECT "schema_migrations"."version" FROM "schema_migrations" ORDER BY "schema_migrations"."version" ASC[0m
  [1m[35m (0.0ms)[0m  [1m[32mINSERT INTO "schema_migrations" (version) VALUES (20240731151913)[0m
  [1m[35m (0.0ms)[0m  [1m[32mINSERT INTO "schema_migrations" (version) VALUES
(20240731145448),
(20240731145352);[0m
  [1m[35m (0.1ms)[0m  [1m[35mCREATE TABLE "ar_internal_metadata" ("key" varchar NOT NULL PRIMARY KEY, "value" varchar, "created_at" datetime(6) NOT NULL, "updated_at" datetime(6) NOT NULL)[0m
  [1m[36mActiveRecord::InternalMetadata Load (0.0ms)[0m  [1m[34mSELECT * FROM "ar_internal_metadata" WHERE "ar_internal_metadata"."key" = ? ORDER BY "ar_internal_metadata"."key" ASC LIMIT 1[0m  [[nil, "environment"]]
  [1m[36mActiveRecord::InternalMetadata Create (0.1ms)[0m  [1m[32mINSERT INTO "ar_internal_metadata" ("key", "value", "created_at", "updated_at") VALUES ('environment', 'development', '2024-08-09 11:09:16.237716', '2024-08-09 11:09:16.237718') RETURNING "key"[0m
  [1m[36mActiveRecord::InternalMetadata Load (0.0ms)[0m  [1m[34mSELECT * FROM "ar_internal_metadata" WHERE "ar_internal_metadata"."key" = ? ORDER BY "ar_internal_metadata"."key" ASC LIMIT 1[0m  [[nil, "environment"]]
  [1m[36mActiveRecord::InternalMetadata Update (0.0ms)[0m  [1m[33mUPDATE "ar_internal_metadata" SET "value" = 'test', "updated_at" = '2024-08-09 11:09:16.238616' WHERE "ar_internal_metadata"."key" = 'environment'[0m
  [1m[36mActiveRecord::InternalMetadata Load (0.0ms)[0m  [1m[34mSELECT * FROM "ar_internal_metadata" WHERE "ar_internal_metadata"."key" = ? ORDER BY "ar_internal_metadata"."key" ASC LIMIT 1[0m  [[nil, "schema_sha1"]]
  [1m[36mActiveRecord::InternalMetadata Create (0.0ms)[0m  [1m[32mINSERT INTO "ar_internal_metadata" ("key", "value", "created_at", "updated_at") VALUES ('schema_sha1', '997066c033c0883d2e942dc612d04a0b3a632252', '2024-08-09 11:09:16.239143', '2024-08-09 11:09:16.239144') RETURNING "key"[0m
  [1m[35m (0.4ms)[0m  [1m[35mCREATE TABLE "schema_migrations" ("version" varchar NOT NULL PRIMARY KEY)[0m
  [1m[35m (0.1ms)[0m  [1m[35mCREATE TABLE "ar_internal_metadata" ("key" varchar NOT NULL PRIMARY KEY, "value" varchar, "created_at" datetime(6) NOT NULL, "updated_at" datetime(6) NOT NULL)[0m
  [1m[36mActiveRecord::InternalMetadata Load (0.0ms)[0m  [1m[34mSELECT * FROM "ar_internal_metadata" WHERE "ar_internal_metadata"."key" = ? ORDER BY "ar_internal_metadata"."key" ASC LIMIT 1[0m  [[nil, "environment"]]
  [1m[36mActiveRecord::InternalMetadata Create (0.1ms)[0m  [1m[32mINSERT INTO "ar_internal_metadata" ("key", "value", "created_at", "updated_at") VALUES ('environment', 'development', '2025-08-14 20:32:53.294529', '2025-08-14 20:32:53.294530') RETURNING "key"[0m
  [1m[36mActiveRecord::SchemaMigration Load (0.0ms)[0m  [1m[34mSELECT "schema_migrations"."version" FROM "schema_migrations" ORDER BY "schema_migrations"."version" ASC[0m
Migrating to CreateUsers (20240731145352)
  [1m[36mTRANSACTION (0.0ms)[0m  [1m[36mbegin transaction[0m
  [1m[35m (0.4ms)[0m  [1m[35mCREATE TABLE "users" ("id" integer PRIMARY KEY AUTOINCREMENT NOT NULL, "email" varchar, "password_digest" varchar NOT NULL, "created_at" datetime(6) NOT NULL, "updated_at" datetime(6) NOT NULL)[0m
  [1m[35m (0.0ms)[0m  [1m[35mCREATE UNIQUE INDEX "index_users_on_email" ON "users" ("email")[0m
  [1m[36mActiveRecord::SchemaMigration Create (0.0ms)[0m  [1m[32mINSERT INTO "schema_migrations" ("version") VALUES ('20240731145352') RETURNING "version"[0m
  [1m[36mTRANSACTION (0.1ms)[0m  [1m[36mcommit transaction[0m
Migrating to CreateDevices (20240731145448)
  [1m[36mTRANSACTION (0.0ms)[0m  [1m[36mbegin transaction[0m
  [1m[35m (0.4ms)[0m  [1m[35mCREATE TABLE "devices" ("id" integer PRIMARY KEY AUTOINCREMENT NOT NULL, "serial_number" varchar, "created_at" datetime(6) NOT NULL, "updated_at" datetime(6) NOT NULL)[0m
  [1m[36mActiveRecord::SchemaMigration Create (0.1ms)[0m  [1m[32mINSERT INTO "schema_migrations" ("version") VALUES ('20240731145448') RETURNING "version"[0m
  [1m[36mTRANSACTION (0.1ms)[0m  [1m[36mcommit transaction[0m
Migrating to CreateApiKeys (20240731151913)
  [1m[36mTRANSACTION (0.0ms)[0m  [1m[36mbegin transaction[0m
  [1m[35m (0.4ms)[0m  [1m[35mCREATE TABLE "api_keys" ("id" integer PRIMARY KEY AUTOINCREMENT NOT NULL, "bearer_id" integer NOT NULL, "bearer_type" varchar NOT NULL, "token" varchar NOT NULL, "created_at" datetime(6) NOT NULL, "updated_at" datetime(6) NOT NULL)[0m
  [1m[35m (0.0ms)[0m  [1m[35mCREATE INDEX "index_api_keys_on_bearer_id_and_bearer_type" ON "api_keys" ("bearer_id", "bearer_type")[0m
  [1m[35m (0.0ms)[0m  [1m[35mCREATE UNIQUE INDEX "index_api_keys_on_token" ON "api_keys" ("token")[0m
  [1m[36mActiveRecord::SchemaMigration Create (0.0ms)[0m  [1m[32mINSERT INTO "schema_migrations" ("version") VALUES ('20240731151913') RETURNING "version"[0m
  [1m[36mTRANSACTION (0.1ms)[0m  [1m[36mcommit transaction[0m
  [1m[36mActiveRecord::SchemaMigration Load (0.0ms)[0m  [1m[34mSELECT "schema_migrations"."version" FROM "schema_migrations" ORDER BY "schema_migrations"."version" ASC[0m
  [1m[36mActiveRecord::InternalMetadata Load (0.2ms)[0m  [1m[34mSELECT * FROM "ar_internal_metadata" WHERE "ar_internal_metadata"."key" = ? ORDER BY "ar_internal_metadata"."key" ASC LIMIT 1[0m  [[nil, "environment"]]
  [1m[36mActiveRecord::SchemaMigration Load (0.0ms)[0m  [1m[34mSELECT "schema_migrations"."version" FROM "schema_migrations" ORDER BY "schema_migrations"."version" ASC[0m
Migrating to CreateDeviceAssignments (20250814203546)
  [1m[36mTRANSACTION (0.0ms)[0m  [1m[36mbegin transaction[0m
  [1m[35m (1.1ms)[0m  [1m[35mCREATE TABLE "device_assignments" ("id" integer PRIMARY KEY AUTOINCREMENT NOT NULL, "user_id" integer NOT NULL, "device_id" integer NOT NULL, "assigned_at" datetime(6), "returned_at" datetime(6), "created_at" datetime(6) NOT NULL, "updated_at" datetime(6) NOT NULL, CONSTRAINT "fk_rails_9160f94be7"
FOREIGN KEY ("user_id")
  REFERENCES "users" ("id")
, CONSTRAINT "fk_rails_be3074633b"
FOREIGN KEY ("device_id")
  REFERENCES "devices" ("id")
)[0m
  [1m[35m (0.1ms)[0m  [1m[35mCREATE INDEX "index_device_assignments_on_user_id" ON "device_assignments" ("user_id")[0m
  [1m[35m (0.0ms)[0m  [1m[35mCREATE INDEX "index_device_assignments_on_device_id" ON "device_assignments" ("device_id")[0m
  [1m[36mActiveRecord::SchemaMigration Create (0.0ms)[0m  [1m[32mINSERT INTO "schema_migrations" ("version") VALUES ('20250814203546') RETURNING "version"[0m
  [1m[36mTRANSACTION (0.0ms)[0m  [1m[36mcommit transaction[0m
  [1m[36mActiveRecord::SchemaMigration Load (0.0ms)[0m  [1m[34mSELECT "schema_migrations"."version" FROM "schema_migrations" ORDER BY "schema_migrations"."version" ASC[0m
  [1m[36mActiveRecord::SchemaMigration Load (0.0ms)[0m  [1m[34mSELECT "schema_migrations"."version" FROM "schema_migrations" ORDER BY "schema_migrations"."version" ASC[0m
  [1m[36mActiveRecord::InternalMetadata Load (0.0ms)[0m  [1m[34mSELECT * FROM "ar_internal_metadata" WHERE "ar_internal_metadata"."key" = ? ORDER BY "ar_internal_metadata"."key" ASC LIMIT 1[0m  [[nil, "environment"]]
  [1m[36mActiveRecord::SchemaMigration Load (0.0ms)[0m  [1m[34mSELECT "schema_migrations"."version" FROM "schema_migrations" ORDER BY "schema_migrations"."version" ASC[0m
  [1m[36mActiveRecord::InternalMetadata Load (0.0ms)[0m  [1m[34mSELECT * FROM "ar_internal_metadata" WHERE "ar_internal_metadata"."key" = ? ORDER BY "ar_internal_metadata"."key" ASC LIMIT 1[0m  [[nil, "environment"]]
  [1m[36mActiveRecord::SchemaMigration Load (0.0ms)[0m  [1m[34mSELECT "schema_migrations"."version" FROM "schema_migrations" ORDER BY "schema_migrations"."version" ASC[0m
  [1m[36mActiveRecord::InternalMetadata Load (0.0ms)[0m  [1m[34mSELECT * FROM "ar_internal_metadata" WHERE "ar_internal_metadata"."key" = ? ORDER BY "ar_internal_metadata"."key" ASC LIMIT 1[0m  [[nil, "environment"]]
  [1m[35m (0.2ms)[0m  [1m[35mDROP TABLE IF EXISTS "api_keys"[0m
  [1m[35m (0.2ms)[0m  [1m[35mCREATE TABLE "api_keys" ("id" integer PRIMARY KEY AUTOINCREMENT NOT NULL, "bearer_id" integer NOT NULL, "bearer_type" varchar NOT NULL, "token" varchar NOT NULL, "created_at" datetime(6) NOT NULL, "updated_at" datetime(6) NOT NULL)[0m
  [1m[35m (0.1ms)[0m  [1m[35mCREATE INDEX "index_api_keys_on_bearer_id_and_bearer_type" ON "api_keys" ("bearer_id", "bearer_type")[0m
  [1m[35m (0.0ms)[0m  [1m[35mCREATE UNIQUE INDEX "index_api_keys_on_token" ON "api_keys" ("token")[0m
  [1m[35m (0.0ms)[0m  [1m[35mDROP TABLE IF EXISTS "device_assignments"[0m
  [1m[35m (0.1ms)[0m  [1m[35mCREATE TABLE "device_assignments" ("id" integer PRIMARY KEY AUTOINCREMENT NOT NULL, "user_id" integer NOT NULL, "device_id" integer NOT NULL, "assigned_at" datetime(6), "returned_at" datetime(6), "created_at" datetime(6) NOT NULL, "updated_at" datetime(6) NOT NULL)[0m
  [1m[35m (0.0ms)[0m  [1m[35mCREATE INDEX "index_device_assignments_on_device_id" ON "device_assignments" ("device_id")[0m
  [1m[35m (0.0ms)[0m  [1m[35mCREATE INDEX "index_device_assignments_on_user_id" ON "device_assignments" ("user_id")[0m
  [1m[35m (0.0ms)[0m  [1m[35mDROP TABLE IF EXISTS "devices"[0m
  [1m[35m (0.0ms)[0m  [1m[35mCREATE TABLE "devices" ("id" integer PRIMARY KEY AUTOINCREMENT NOT NULL, "serial_number" varchar, "created_at" datetime(6) NOT NULL, "updated_at" datetime(6) NOT NULL)[0m
  [1m[35m (0.0ms)[0m  [1m[35mDROP TABLE IF EXISTS "users"[0m
  [1m[35m (0.0ms)[0m  [1m[35mCREATE TABLE "users" ("id" integer PRIMARY KEY AUTOINCREMENT NOT NULL, "email" varchar, "password_digest" varchar NOT NULL, "created_at" datetime(6) NOT NULL, "updated_at" datetime(6) NOT NULL)[0m
  [1m[35m (0.1ms)[0m  [1m[35mCREATE UNIQUE INDEX "index_users_on_email" ON "users" ("email")[0m
  [1m[35m (0.1ms)[0m  [1m[35mCREATE TABLE "schema_migrations" ("version" varchar NOT NULL PRIMARY KEY)[0m
  [1m[36mActiveRecord::SchemaMigration Load (0.0ms)[0m  [1m[34mSELECT "schema_migrations"."version" FROM "schema_migrations" ORDER BY "schema_migrations"."version" ASC[0m
  [1m[35m (0.0ms)[0m  [1m[32mINSERT INTO "schema_migrations" (version) VALUES (20250814203546)[0m
  [1m[35m (0.0ms)[0m  [1m[32mINSERT INTO "schema_migrations" (version) VALUES
(20240731151913),
(20240731145448),
(20240731145352);[0m
  [1m[35m (0.1ms)[0m  [1m[35mCREATE TABLE "ar_internal_metadata" ("key" varchar NOT NULL PRIMARY KEY, "value" varchar, "created_at" datetime(6) NOT NULL, "updated_at" datetime(6) NOT NULL)[0m
  [1m[36mActiveRecord::InternalMetadata Load (0.0ms)[0m  [1m[34mSELECT * FROM "ar_internal_metadata" WHERE "ar_internal_metadata"."key" = ? ORDER BY "ar_internal_metadata"."key" ASC LIMIT 1[0m  [[nil, "environment"]]
  [1m[36mActiveRecord::InternalMetadata Create (0.1ms)[0m  [1m[32mINSERT INTO "ar_internal_metadata" ("key", "value", "created_at", "updated_at") VALUES ('environment', 'development', '2025-08-14 20:47:03.721215', '2025-08-14 20:47:03.721217') RETURNING "key"[0m
  [1m[36mActiveRecord::InternalMetadata Load (0.0ms)[0m  [1m[34mSELECT * FROM "ar_internal_metadata" WHERE "ar_internal_metadata"."key" = ? ORDER BY "ar_internal_metadata"."key" ASC LIMIT 1[0m  [[nil, "environment"]]
  [1m[36mActiveRecord::InternalMetadata Update (0.0ms)[0m  [1m[33mUPDATE "ar_internal_metadata" SET "value" = 'test', "updated_at" = '2025-08-14 20:47:03.721902' WHERE "ar_internal_metadata"."key" = 'environment'[0m
  [1m[36mActiveRecord::InternalMetadata Load (0.0ms)[0m  [1m[34mSELECT * FROM "ar_internal_metadata" WHERE "ar_internal_metadata"."key" = ? ORDER BY "ar_internal_metadata"."key" ASC LIMIT 1[0m  [[nil, "schema_sha1"]]
  [1m[36mActiveRecord::InternalMetadata Create (0.0ms)[0m  [1m[32mINSERT INTO "ar_internal_metadata" ("key", "value", "created_at", "updated_at") VALUES ('schema_sha1', '7752ca2a463e440e432c8ac2a02a0cb440fd28d1', '2025-08-14 20:47:03.722586', '2025-08-14 20:47:03.722587') RETURNING "key"[0m
  [1m[36mActiveRecord::InternalMetadata Load (0.2ms)[0m  [1m[34mSELECT * FROM "ar_internal_metadata" WHERE "ar_internal_metadata"."key" = ? ORDER BY "ar_internal_metadata"."key" ASC LIMIT 1[0m  [[nil, "environment"]]
  [1m[36mActiveRecord::SchemaMigration Load (0.0ms)[0m  [1m[34mSELECT "schema_migrations"."version" FROM "schema_migrations" ORDER BY "schema_migrations"."version" ASC[0m
  [1m[36mActiveRecord::SchemaMigration Load (0.0ms)[0m  [1m[34mSELECT "schema_migrations"."version" FROM "schema_migrations" ORDER BY "schema_migrations"."version" ASC[0m
  [1m[36mActiveRecord::SchemaMigration Load (0.0ms)[0m  [1m[34mSELECT "schema_migrations"."version" FROM "schema_migrations" ORDER BY "schema_migrations"."version" ASC[0m
  [1m[36mActiveRecord::InternalMetadata Load (0.2ms)[0m  [1m[34mSELECT * FROM "ar_internal_metadata" WHERE "ar_internal_metadata"."key" = ? ORDER BY "ar_internal_metadata"."key" ASC LIMIT 1[0m  [[nil, "environment"]]
  [1m[36mActiveRecord::SchemaMigration Load (0.0ms)[0m  [1m[34mSELECT "schema_migrations"."version" FROM "schema_migrations" ORDER BY "schema_migrations"."version" ASC[0m
  [1m[36mActiveRecord::InternalMetadata Load (0.0ms)[0m  [1m[34mSELECT * FROM "ar_internal_metadata" WHERE "ar_internal_metadata"."key" = ? ORDER BY "ar_internal_metadata"."key" ASC LIMIT 1[0m  [[nil, "environment"]]
  [1m[36mActiveRecord::SchemaMigration Load (0.0ms)[0m  [1m[34mSELECT "schema_migrations"."version" FROM "schema_migrations" ORDER BY "schema_migrations"."version" ASC[0m
  [1m[36mActiveRecord::InternalMetadata Load (0.0ms)[0m  [1m[34mSELECT * FROM "ar_internal_metadata" WHERE "ar_internal_metadata"."key" = ? ORDER BY "ar_internal_metadata"."key" ASC LIMIT 1[0m  [[nil, "environment"]]
  [1m[35m (0.3ms)[0m  [1m[35mDROP TABLE IF EXISTS "api_keys"[0m
  [1m[35m (0.1ms)[0m  [1m[35mCREATE TABLE "api_keys" ("id" integer PRIMARY KEY AUTOINCREMENT NOT NULL, "bearer_id" integer NOT NULL, "bearer_type" varchar NOT NULL, "token" varchar NOT NULL, "created_at" datetime(6) NOT NULL, "updated_at" datetime(6) NOT NULL)[0m
  [1m[35m (0.1ms)[0m  [1m[35mCREATE INDEX "index_api_keys_on_bearer_id_and_bearer_type" ON "api_keys" ("bearer_id", "bearer_type")[0m
  [1m[35m (0.0ms)[0m  [1m[35mCREATE UNIQUE INDEX "index_api_keys_on_token" ON "api_keys" ("token")[0m
  [1m[35m (0.2ms)[0m  [1m[35mDROP TABLE IF EXISTS "device_assignments"[0m
  [1m[35m (0.1ms)[0m  [1m[35mCREATE TABLE "device_assignments" ("id" integer PRIMARY KEY AUTOINCREMENT NOT NULL, "user_id" integer NOT NULL, "device_id" integer NOT NULL, "assigned_at" datetime(6), "returned_at" datetime(6), "created_at" datetime(6) NOT NULL, "updated_at" datetime(6) NOT NULL)[0m
  [1m[35m (0.0ms)[0m  [1m[35mCREATE INDEX "index_device_assignments_on_device_id" ON "device_assignments" ("device_id")[0m
  [1m[35m (0.0ms)[0m  [1m[35mCREATE INDEX "index_device_assignments_on_user_id" ON "device_assignments" ("user_id")[0m
  [1m[35m (0.0ms)[0m  [1m[35mDROP TABLE IF EXISTS "devices"[0m
  [1m[35m (0.0ms)[0m  [1m[35mCREATE TABLE "devices" ("id" integer PRIMARY KEY AUTOINCREMENT NOT NULL, "serial_number" varchar, "created_at" datetime(6) NOT NULL, "updated_at" datetime(6) NOT NULL)[0m
  [1m[35m (0.0ms)[0m  [1m[35mDROP TABLE IF EXISTS "users"[0m
  [1m[35m (0.0ms)[0m  [1m[35mCREATE TABLE "users" ("id" integer PRIMARY KEY AUTOINCREMENT NOT NULL, "email" varchar, "password_digest" varchar NOT NULL, "created_at" datetime(6) NOT NULL, "updated_at" datetime(6) NOT NULL)[0m
  [1m[35m (0.0ms)[0m  [1m[35mCREATE UNIQUE INDEX "index_users_on_email" ON "users" ("email")[0m
  [1m[36mTRANSACTION (0.0ms)[0m  [1m[36mbegin transaction[0m
  [1m[35m (14.5ms)[0m  [1m[35mPRAGMA foreign_keys[0m
  [1m[35m (0.0ms)[0m  [1m[35mPRAGMA defer_foreign_keys[0m
  [1m[35m (0.0ms)[0m  [1m[35mPRAGMA defer_foreign_keys = ON[0m
  [1m[35m (0.0ms)[0m  [1m[35mPRAGMA foreign_keys = OFF[0m
  [1m[35m (0.1ms)[0m  [1m[35mCREATE TEMPORARY TABLE "adevice_assignments" ("id" integer PRIMARY KEY AUTOINCREMENT NOT NULL, "user_id" integer NOT NULL, "device_id" integer NOT NULL, "assigned_at" datetime(6) DEFAULT NULL, "returned_at" datetime(6) DEFAULT NULL, "created_at" datetime(6) NOT NULL, "updated_at" datetime(6) NOT NULL)[0m
  [1m[35m (0.0ms)[0m  [1m[35mCREATE INDEX "tindex_adevice_assignments_on_user_id" ON "adevice_assignments" ("user_id")[0m
  [1m[35m (0.0ms)[0m  [1m[35mCREATE INDEX "tindex_adevice_assignments_on_device_id" ON "adevice_assignments" ("device_id")[0m
  [1m[35m (0.0ms)[0m  [1m[32mINSERT INTO "adevice_assignments" ("id","user_id","device_id","assigned_at","returned_at","created_at","updated_at")
                     SELECT "id","user_id","device_id","assigned_at","returned_at","created_at","updated_at" FROM "device_assignments"[0m
  [1m[35m (0.1ms)[0m  [1m[35mDROP TABLE "device_assignments"[0m
  [1m[35m (0.0ms)[0m  [1m[35mCREATE TABLE "device_assignments" ("id" integer PRIMARY KEY AUTOINCREMENT NOT NULL, "user_id" integer NOT NULL, "device_id" integer NOT NULL, "assigned_at" datetime(6) DEFAULT NULL, "returned_at" datetime(6) DEFAULT NULL, "created_at" datetime(6) NOT NULL, "updated_at" datetime(6) NOT NULL, CONSTRAINT "fk_rails_be3074633b"
FOREIGN KEY ("device_id")
  REFERENCES "devices" ("id")
)[0m
  [1m[35m (0.0ms)[0m  [1m[35mCREATE INDEX "index_device_assignments_on_device_id" ON "device_assignments" ("device_id")[0m
  [1m[35m (0.0ms)[0m  [1m[35mCREATE INDEX "index_device_assignments_on_user_id" ON "device_assignments" ("user_id")[0m
  [1m[35m (0.0ms)[0m  [1m[32mINSERT INTO "device_assignments" ("id","user_id","device_id","assigned_at","returned_at","created_at","updated_at")
                     SELECT "id","user_id","device_id","assigned_at","returned_at","created_at","updated_at" FROM "adevice_assignments"[0m
  [1m[35m (0.0ms)[0m  [1m[35mDROP TABLE "adevice_assignments"[0m
  [1m[35m (0.0ms)[0m  [1m[35mPRAGMA defer_foreign_keys = 0[0m
  [1m[35m (0.0ms)[0m  [1m[35mPRAGMA foreign_keys = 1[0m
  [1m[36mTRANSACTION (0.0ms)[0m  [1m[36mcommit transaction[0m
  [1m[36mTRANSACTION (0.0ms)[0m  [1m[36mbegin transaction[0m
  [1m[35m (0.3ms)[0m  [1m[35mPRAGMA foreign_keys[0m
  [1m[35m (0.0ms)[0m  [1m[35mPRAGMA defer_foreign_keys[0m
  [1m[35m (0.0ms)[0m  [1m[35mPRAGMA defer_foreign_keys = ON[0m
  [1m[35m (0.0ms)[0m  [1m[35mPRAGMA foreign_keys = OFF[0m
  [1m[35m (0.0ms)[0m  [1m[35mCREATE TEMPORARY TABLE "adevice_assignments" ("id" integer PRIMARY KEY AUTOINCREMENT NOT NULL, "user_id" integer NOT NULL, "device_id" integer NOT NULL, "assigned_at" datetime(6) DEFAULT NULL, "returned_at" datetime(6) DEFAULT NULL, "created_at" datetime(6) NOT NULL, "updated_at" datetime(6) NOT NULL)[0m
  [1m[35m (0.0ms)[0m  [1m[35mCREATE INDEX "tindex_adevice_assignments_on_user_id" ON "adevice_assignments" ("user_id")[0m
  [1m[35m (0.0ms)[0m  [1m[35mCREATE INDEX "tindex_adevice_assignments_on_device_id" ON "adevice_assignments" ("device_id")[0m
  [1m[35m (0.0ms)[0m  [1m[32mINSERT INTO "adevice_assignments" ("id","user_id","device_id","assigned_at","returned_at","created_at","updated_at")
                     SELECT "id","user_id","device_id","assigned_at","returned_at","created_at","updated_at" FROM "device_assignments"[0m
  [1m[35m (0.0ms)[0m  [1m[35mDROP TABLE "device_assignments"[0m
  [1m[35m (0.0ms)[0m  [1m[35mCREATE TABLE "device_assignments" ("id" integer PRIMARY KEY AUTOINCREMENT NOT NULL, "user_id" integer NOT NULL, "device_id" integer NOT NULL, "assigned_at" datetime(6) DEFAULT NULL, "returned_at" datetime(6) DEFAULT NULL, "created_at" datetime(6) NOT NULL, "updated_at" datetime(6) NOT NULL, CONSTRAINT "fk_rails_be3074633b"
FOREIGN KEY ("device_id")
  REFERENCES "devices" ("id")
, CONSTRAINT "fk_rails_9160f94be7"
FOREIGN KEY ("user_id")
  REFERENCES "users" ("id")
)[0m
  [1m[35m (0.0ms)[0m  [1m[35mCREATE INDEX "index_device_assignments_on_device_id" ON "device_assignments" ("device_id")[0m
  [1m[35m (0.0ms)[0m  [1m[35mCREATE INDEX "index_device_assignments_on_user_id" ON "device_assignments" ("user_id")[0m
  [1m[35m (0.0ms)[0m  [1m[32mINSERT INTO "device_assignments" ("id","user_id","device_id","assigned_at","returned_at","created_at","updated_at")
                     SELECT "id","user_id","device_id","assigned_at","returned_at","created_at","updated_at" FROM "adevice_assignments"[0m
  [1m[35m (0.0ms)[0m  [1m[35mDROP TABLE "adevice_assignments"[0m
  [1m[35m (0.0ms)[0m  [1m[35mPRAGMA defer_foreign_keys = 0[0m
  [1m[35m (0.0ms)[0m  [1m[35mPRAGMA foreign_keys = 1[0m
  [1m[36mTRANSACTION (0.0ms)[0m  [1m[36mcommit transaction[0m
  [1m[36mActiveRecord::SchemaMigration Load (0.0ms)[0m  [1m[34mSELECT "schema_migrations"."version" FROM "schema_migrations" ORDER BY "schema_migrations"."version" ASC[0m
  [1m[36mActiveRecord::InternalMetadata Load (0.0ms)[0m  [1m[34mSELECT * FROM "ar_internal_metadata" WHERE "ar_internal_metadata"."key" = ? ORDER BY "ar_internal_metadata"."key" ASC LIMIT 1[0m  [[nil, "environment"]]
  [1m[36mActiveRecord::InternalMetadata Load (0.0ms)[0m  [1m[34mSELECT * FROM "ar_internal_metadata" WHERE "ar_internal_metadata"."key" = ? ORDER BY "ar_internal_metadata"."key" ASC LIMIT 1[0m  [[nil, "environment"]]
  [1m[36mActiveRecord::InternalMetadata Load (0.0ms)[0m  [1m[34mSELECT * FROM "ar_internal_metadata" WHERE "ar_internal_metadata"."key" = ? ORDER BY "ar_internal_metadata"."key" ASC LIMIT 1[0m  [[nil, "schema_sha1"]]
  [1m[36mActiveRecord::InternalMetadata Create (0.0ms)[0m  [1m[32mINSERT INTO "ar_internal_metadata" ("key", "value", "created_at", "updated_at") VALUES ('schema_sha1', 'd024efaee2de361f3b3d07aee553b9b8f0a555d2', '2025-08-14 20:52:37.975737', '2025-08-14 20:52:37.975738') RETURNING "key"[0m
  [1m[35m (0.1ms)[0m  [1m[35mDROP TABLE IF EXISTS "api_keys"[0m
  [1m[35m (0.1ms)[0m  [1m[35mCREATE TABLE "api_keys" ("id" integer PRIMARY KEY AUTOINCREMENT NOT NULL, "bearer_id" integer NOT NULL, "bearer_type" varchar NOT NULL, "token" varchar NOT NULL, "created_at" datetime(6) NOT NULL, "updated_at" datetime(6) NOT NULL)[0m
  [1m[35m (0.0ms)[0m  [1m[35mCREATE INDEX "index_api_keys_on_bearer_id_and_bearer_type" ON "api_keys" ("bearer_id", "bearer_type")[0m
  [1m[35m (0.0ms)[0m  [1m[35mCREATE UNIQUE INDEX "index_api_keys_on_token" ON "api_keys" ("token")[0m
  [1m[35m (0.0ms)[0m  [1m[35mDROP TABLE IF EXISTS "device_assignments"[0m
  [1m[35m (0.1ms)[0m  [1m[35mCREATE TABLE "device_assignments" ("id" integer PRIMARY KEY AUTOINCREMENT NOT NULL, "user_id" integer NOT NULL, "device_id" integer NOT NULL, "assigned_at" datetime(6), "returned_at" datetime(6), "created_at" datetime(6) NOT NULL, "updated_at" datetime(6) NOT NULL)[0m
  [1m[35m (0.0ms)[0m  [1m[35mCREATE INDEX "index_device_assignments_on_device_id" ON "device_assignments" ("device_id")[0m
  [1m[35m (0.0ms)[0m  [1m[35mCREATE INDEX "index_device_assignments_on_user_id" ON "device_assignments" ("user_id")[0m
  [1m[35m (0.0ms)[0m  [1m[35mDROP TABLE IF EXISTS "devices"[0m
  [1m[35m (0.0ms)[0m  [1m[35mCREATE TABLE "devices" ("id" integer PRIMARY KEY AUTOINCREMENT NOT NULL, "serial_number" varchar, "created_at" datetime(6) NOT NULL, "updated_at" datetime(6) NOT NULL)[0m
  [1m[35m (0.0ms)[0m  [1m[35mDROP TABLE IF EXISTS "users"[0m
  [1m[35m (0.0ms)[0m  [1m[35mCREATE TABLE "users" ("id" integer PRIMARY KEY AUTOINCREMENT NOT NULL, "email" varchar, "password_digest" varchar NOT NULL, "created_at" datetime(6) NOT NULL, "updated_at" datetime(6) NOT NULL)[0m
  [1m[35m (0.0ms)[0m  [1m[35mCREATE UNIQUE INDEX "index_users_on_email" ON "users" ("email")[0m
  [1m[36mTRANSACTION (0.0ms)[0m  [1m[36mbegin transaction[0m
  [1m[35m (0.3ms)[0m  [1m[35mPRAGMA foreign_keys[0m
  [1m[35m (0.0ms)[0m  [1m[35mPRAGMA defer_foreign_keys[0m
  [1m[35m (0.0ms)[0m  [1m[35mPRAGMA defer_foreign_keys = ON[0m
  [1m[35m (0.0ms)[0m  [1m[35mPRAGMA foreign_keys = OFF[0m
  [1m[35m (0.0ms)[0m  [1m[35mCREATE TEMPORARY TABLE "adevice_assignments" ("id" integer PRIMARY KEY AUTOINCREMENT NOT NULL, "user_id" integer NOT NULL, "device_id" integer NOT NULL, "assigned_at" datetime(6) DEFAULT NULL, "returned_at" datetime(6) DEFAULT NULL, "created_at" datetime(6) NOT NULL, "updated_at" datetime(6) NOT NULL)[0m
  [1m[35m (0.0ms)[0m  [1m[35mCREATE INDEX "tindex_adevice_assignments_on_user_id" ON "adevice_assignments" ("user_id")[0m
  [1m[35m (0.0ms)[0m  [1m[35mCREATE INDEX "tindex_adevice_assignments_on_device_id" ON "adevice_assignments" ("device_id")[0m
  [1m[35m (0.0ms)[0m  [1m[32mINSERT INTO "adevice_assignments" ("id","user_id","device_id","assigned_at","returned_at","created_at","updated_at")
                     SELECT "id","user_id","device_id","assigned_at","returned_at","created_at","updated_at" FROM "device_assignments"[0m
  [1m[35m (0.0ms)[0m  [1m[35mDROP TABLE "device_assignments"[0m
  [1m[35m (0.0ms)[0m  [1m[35mCREATE TABLE "device_assignments" ("id" integer PRIMARY KEY AUTOINCREMENT NOT NULL, "user_id" integer NOT NULL, "device_id" integer NOT NULL, "assigned_at" datetime(6) DEFAULT NULL, "returned_at" datetime(6) DEFAULT NULL, "created_at" datetime(6) NOT NULL, "updated_at" datetime(6) NOT NULL, CONSTRAINT "fk_rails_be3074633b"
FOREIGN KEY ("device_id")
  REFERENCES "devices" ("id")
)[0m
  [1m[35m (0.0ms)[0m  [1m[35mCREATE INDEX "index_device_assignments_on_device_id" ON "device_assignments" ("device_id")[0m
  [1m[35m (0.0ms)[0m  [1m[35mCREATE INDEX "index_device_assignments_on_user_id" ON "device_assignments" ("user_id")[0m
  [1m[35m (0.0ms)[0m  [1m[32mINSERT INTO "device_assignments" ("id","user_id","device_id","assigned_at","returned_at","created_at","updated_at")
                     SELECT "id","user_id","device_id","assigned_at","returned_at","created_at","updated_at" FROM "adevice_assignments"[0m
  [1m[35m (0.0ms)[0m  [1m[35mDROP TABLE "adevice_assignments"[0m
  [1m[35m (0.0ms)[0m  [1m[35mPRAGMA defer_foreign_keys = 0[0m
  [1m[35m (0.0ms)[0m  [1m[35mPRAGMA foreign_keys = 1[0m
  [1m[36mTRANSACTION (0.0ms)[0m  [1m[36mcommit transaction[0m
  [1m[36mTRANSACTION (0.0ms)[0m  [1m[36mbegin transaction[0m
  [1m[35m (0.3ms)[0m  [1m[35mPRAGMA foreign_keys[0m
  [1m[35m (0.0ms)[0m  [1m[35mPRAGMA defer_foreign_keys[0m
  [1m[35m (0.0ms)[0m  [1m[35mPRAGMA defer_foreign_keys = ON[0m
  [1m[35m (0.0ms)[0m  [1m[35mPRAGMA foreign_keys = OFF[0m
  [1m[35m (0.0ms)[0m  [1m[35mCREATE TEMPORARY TABLE "adevice_assignments" ("id" integer PRIMARY KEY AUTOINCREMENT NOT NULL, "user_id" integer NOT NULL, "device_id" integer NOT NULL, "assigned_at" datetime(6) DEFAULT NULL, "returned_at" datetime(6) DEFAULT NULL, "created_at" datetime(6) NOT NULL, "updated_at" datetime(6) NOT NULL)[0m
  [1m[35m (0.0ms)[0m  [1m[35mCREATE INDEX "tindex_adevice_assignments_on_user_id" ON "adevice_assignments" ("user_id")[0m
  [1m[35m (0.0ms)[0m  [1m[35mCREATE INDEX "tindex_adevice_assignments_on_device_id" ON "adevice_assignments" ("device_id")[0m
  [1m[35m (0.0ms)[0m  [1m[32mINSERT INTO "adevice_assignments" ("id","user_id","device_id","assigned_at","returned_at","created_at","updated_at")
                     SELECT "id","user_id","device_id","assigned_at","returned_at","created_at","updated_at" FROM "device_assignments"[0m
  [1m[35m (0.0ms)[0m  [1m[35mDROP TABLE "device_assignments"[0m
  [1m[35m (0.0ms)[0m  [1m[35mCREATE TABLE "device_assignments" ("id" integer PRIMARY KEY AUTOINCREMENT NOT NULL, "user_id" integer NOT NULL, "device_id" integer NOT NULL, "assigned_at" datetime(6) DEFAULT NULL, "returned_at" datetime(6) DEFAULT NULL, "created_at" datetime(6) NOT NULL, "updated_at" datetime(6) NOT NULL, CONSTRAINT "fk_rails_be3074633b"
FOREIGN KEY ("device_id")
  REFERENCES "devices" ("id")
, CONSTRAINT "fk_rails_9160f94be7"
FOREIGN KEY ("user_id")
  REFERENCES "users" ("id")
)[0m
  [1m[35m (0.0ms)[0m  [1m[35mCREATE INDEX "index_device_assignments_on_device_id" ON "device_assignments" ("device_id")[0m
  [1m[35m (0.0ms)[0m  [1m[35mCREATE INDEX "index_device_assignments_on_user_id" ON "device_assignments" ("user_id")[0m
  [1m[35m (0.0ms)[0m  [1m[32mINSERT INTO "device_assignments" ("id","user_id","device_id","assigned_at","returned_at","created_at","updated_at")
                     SELECT "id","user_id","device_id","assigned_at","returned_at","created_at","updated_at" FROM "adevice_assignments"[0m
  [1m[35m (0.0ms)[0m  [1m[35mDROP TABLE "adevice_assignments"[0m
  [1m[35m (0.0ms)[0m  [1m[35mPRAGMA defer_foreign_keys = 0[0m
  [1m[35m (0.0ms)[0m  [1m[35mPRAGMA foreign_keys = 1[0m
  [1m[36mTRANSACTION (0.0ms)[0m  [1m[36mcommit transaction[0m
  [1m[36mActiveRecord::SchemaMigration Load (0.0ms)[0m  [1m[34mSELECT "schema_migrations"."version" FROM "schema_migrations" ORDER BY "schema_migrations"."version" ASC[0m
  [1m[36mActiveRecord::InternalMetadata Load (0.0ms)[0m  [1m[34mSELECT * FROM "ar_internal_metadata" WHERE "ar_internal_metadata"."key" = ? ORDER BY "ar_internal_metadata"."key" ASC LIMIT 1[0m  [[nil, "environment"]]
  [1m[36mActiveRecord::InternalMetadata Update (0.0ms)[0m  [1m[33mUPDATE "ar_internal_metadata" SET "value" = 'development', "updated_at" = '2025-08-14 20:52:37.997105' WHERE "ar_internal_metadata"."key" = 'environment'[0m
  [1m[36mActiveRecord::InternalMetadata Load (0.0ms)[0m  [1m[34mSELECT * FROM "ar_internal_metadata" WHERE "ar_internal_metadata"."key" = ? ORDER BY "ar_internal_metadata"."key" ASC LIMIT 1[0m  [[nil, "environment"]]
  [1m[36mActiveRecord::InternalMetadata Update (0.0ms)[0m  [1m[33mUPDATE "ar_internal_metadata" SET "value" = 'test', "updated_at" = '2025-08-14 20:52:37.997725' WHERE "ar_internal_metadata"."key" = 'environment'[0m
  [1m[36mActiveRecord::InternalMetadata Load (0.0ms)[0m  [1m[34mSELECT * FROM "ar_internal_metadata" WHERE "ar_internal_metadata"."key" = ? ORDER BY "ar_internal_metadata"."key" ASC LIMIT 1[0m  [[nil, "schema_sha1"]]
  [1m[36mActiveRecord::InternalMetadata Update (0.0ms)[0m  [1m[33mUPDATE "ar_internal_metadata" SET "value" = 'd024efaee2de361f3b3d07aee553b9b8f0a555d2', "updated_at" = '2025-08-14 20:52:37.998144' WHERE "ar_internal_metadata"."key" = 'schema_sha1'[0m
